Arguments: 
  /usr/local/bin/node /usr/local/bin/yarn

PATH: 
  /usr/local/bin:/usr/bin:/bin:/usr/sbin:/sbin:/usr/local/go/bin:/Library/Apple/usr/bin:/Users/darlanthiago/.zinit/polaris/bin:/Users/darlanthiago/.composer/vendor/bin:/Users/darlanthiago/Android/Sdk/emulator:/Users/darlanthiago/Android/Sdk/tools:/Users/darlanthiago/Android/Sdk/tools/bin:/Users/darlanthiago/Android/Sdk/platform-tools:/Users/darlanthiago/.composer/vendor/bin:/Users/darlanthiago/Android/Sdk/emulator:/Users/darlanthiago/Android/Sdk/tools:/Users/darlanthiago/Android/Sdk/tools/bin:/Users/darlanthiago/Android/Sdk/platform-tools

Yarn version: 
  1.22.15

Node version: 
  14.17.6

Platform: 
  darwin x64

Trace: 
  Error: EACCES: permission denied, unlink '/Users/darlanthiago/Projects/www/tcc/tcc-truck-app/node_modules/core-js-compat/node_modules/.bin/semver'

npm manifest: 
  {
    "main": "node_modules/expo/AppEntry.js",
    "scripts": {
      "start": "expo start",
      "android": "expo start --android",
      "ios": "expo start --ios",
      "web": "expo start --web",
      "eject": "expo eject"
    },
    "dependencies": {
      "@react-native-async-storage/async-storage": "~1.15.0",
      "@react-navigation/native": "^6.0.2",
      "@react-navigation/native-stack": "^6.1.0",
      "axios": "^0.21.4",
      "expo": "~42.0.1",
      "expo-status-bar": "~1.0.4",
      "react": "16.13.1",
      "react-dom": "16.13.1",
      "react-native": "https://github.com/expo/react-native/archive/sdk-42.0.0.tar.gz",
      "react-native-safe-area-context": "3.2.0",
      "react-native-screens": "~3.4.0",
      "react-native-web": "~0.13.12",
      "expo-location": "~12.1.2"
    },
    "devDependencies": {
      "@babel/core": "^7.9.0",
      "@types/react": "~16.9.35",
      "@types/react-native": "~0.63.2",
      "typescript": "~4.0.0"
    },
    "private": true
  }

yarn manifest: 
  No manifest

Lockfile: 
  No lockfile
